<?xml version="1.0" encoding="UTF-8"?>
<!-- Generated by org.testng.reporters.JUnitReportReporter -->
<testsuite hostname="Srida-PC" name="SeleniumDriverCheck" tests="1" failures="0" timestamp="24 Mar 2018 18:05:09 GMT" time="8.922" errors="0">
  <testcase name="driverCheck" time="8.922" classname="SeleniumDriverCheck"/>
</testsuite> <!-- SeleniumDriverCheck -->
